Added Component: Designator=U1(Stm32 BluePill)
Added Component: Designator=U2(DIP794W45P254L1969H508Q16)
Add component (AddParameter): Name = "Check_prices"; Value = "https://www.snapeda.com/parts/ULN2003ANE4/Texas+Instruments/view-part/?ref=eda"; VariantName = "[No Variations]"
Add component (AddParameter): Name = "MF"; Value = "Texas Instruments"; VariantName = "[No Variations]"
Add component (AddParameter): Name = "MP"; Value = "ULN2003ANE4"; VariantName = "[No Variations]"
Add component (AddParameter): Name = "Package"; Value = "PDIP-16 Texas Instruments"; VariantName = "[No Variations]"
Add component (AddParameter): Name = "SnapEDA_Link"; Value = "https://www.snapeda.com/parts/ULN2003ANE4/Texas+Instruments/view-part/?ref=snap"; VariantName = "[No Variations]"
Add component (AddParameter): Name = "Value"; Value = ""; VariantName = "[No Variations]"
Added Component: Designator=U3(DIP794W45P254L1969H508Q16)
Add component (AddParameter): Name = "Check_prices"; Value = "https://www.snapeda.com/parts/ULN2003ANE4/Texas+Instruments/view-part/?ref=eda"; VariantName = "[No Variations]"
Add component (AddParameter): Name = "MF"; Value = "Texas Instruments"; VariantName = "[No Variations]"
Add component (AddParameter): Name = "MP"; Value = "ULN2003ANE4"; VariantName = "[No Variations]"
Add component (AddParameter): Name = "Package"; Value = "PDIP-16 Texas Instruments"; VariantName = "[No Variations]"
Add component (AddParameter): Name = "SnapEDA_Link"; Value = "https://www.snapeda.com/parts/ULN2003ANE4/Texas+Instruments/view-part/?ref=snap"; VariantName = "[No Variations]"
Add component (AddParameter): Name = "Value"; Value = ""; VariantName = "[No Variations]"
Added Pin To Net: NetName=NetU1_11 Pin=U1-11
Added Pin To Net: NetName=NetU1_12 Pin=U1-12
Added Pin To Net: NetName=NetU1_13 Pin=U1-13
Added Pin To Net: NetName=NetU1_14 Pin=U1-14
Added Pin To Net: NetName=NetU1_15 Pin=U1-15
Added Pin To Net: NetName=GND Pin=U1-19
Added Pin To Net: NetName=3.3V Pin=U1-20
Added Pin To Net: NetName=NetU1_25 Pin=U1-25
Added Pin To Net: NetName=NetU1_26 Pin=U1-26
Added Pin To Net: NetName=NetU1_27 Pin=U1-27
Added Pin To Net: NetName=NetU1_28 Pin=U1-28
Added Pin To Net: NetName=NetU1_29 Pin=U1-29
Added Pin To Net: NetName=NetU1_30 Pin=U1-30
Added Pin To Net: NetName=NetU1_31 Pin=U1-31
Added Pin To Net: NetName=OUT_Hall Pin=U1-32
Added Pin To Net: NetName=NetU1_33 Pin=U1-33
Added Pin To Net: NetName=NetU1_34 Pin=U1-34
Added Pin To Net: NetName=3.3V Pin=U1-38
Added Pin To Net: NetName=GND Pin=U1-39
Added Pin To Net: NetName=GND Pin=U1-40
Added Pin To Net: NetName=NetU1_15 Pin=U2-1
Added Pin To Net: NetName=NetU1_14 Pin=U2-2
Added Pin To Net: NetName=NetU1_13 Pin=U2-3
Added Pin To Net: NetName=NetU1_12 Pin=U2-4
Added Pin To Net: NetName=NetU1_11 Pin=U2-5
Added Pin To Net: NetName=NetU1_34 Pin=U2-6
Added Pin To Net: NetName=NetU1_33 Pin=U2-7
Added Pin To Net: NetName=GND Pin=U2-8
Added Pin To Net: NetName=3.3V Pin=U2-9
Added Pin To Net: NetName=NetR8_1 Pin=U2-10
Added Pin To Net: NetName=NetR7_1 Pin=U2-11
Added Pin To Net: NetName=NetR6_1 Pin=U2-12
Added Pin To Net: NetName=NetR4_1 Pin=U2-13
Added Pin To Net: NetName=NetR3_1 Pin=U2-14
Added Pin To Net: NetName=NetR2_1 Pin=U2-15
Added Pin To Net: NetName=NetR1_1 Pin=U2-16
Added Pin To Net: NetName=NetU1_31 Pin=U3-1
Added Pin To Net: NetName=NetU1_30 Pin=U3-2
Added Pin To Net: NetName=NetU1_29 Pin=U3-3
Added Pin To Net: NetName=NetU1_28 Pin=U3-4
Added Pin To Net: NetName=NetU1_27 Pin=U3-5
Added Pin To Net: NetName=NetU1_26 Pin=U3-6
Added Pin To Net: NetName=NetU1_25 Pin=U3-7
Added Pin To Net: NetName=GND Pin=U3-8
Added Pin To Net: NetName=3.3V Pin=U3-9
Added Pin To Net: NetName=NetR15_1 Pin=U3-10
Added Pin To Net: NetName=NetR14_1 Pin=U3-11
Added Pin To Net: NetName=NetR13_1 Pin=U3-12
Added Pin To Net: NetName=NetR12_1 Pin=U3-13
Added Pin To Net: NetName=NetR11_1 Pin=U3-14
Added Pin To Net: NetName=NetR10_1 Pin=U3-15
Added Pin To Net: NetName=NetR9_1 Pin=U3-16
Added Member To Class: ClassName=sch_propeller Member=Component U1 STM32F103C8T6
Added Member To Class: ClassName=sch_propeller Member=Component U2 ULN2003ANE4
Added Member To Class: ClassName=sch_propeller Member=Component U3 ULN2003ANE4
